[debug] > Exec(early(addDefaultCommands), None, None)
[debug] > Exec(addDefaultCommands, None, None)
[debug] > Exec(early(initialize), None, None)
[debug] > Exec(initialize, None, None)
[debug] > Exec(early(addPluginSbtFile="""C:\Users\Admin\AppData\Local\Temp\idea1.sbt"""), None, None)
[debug] > Exec(addPluginSbtFile="""C:\Users\Admin\AppData\Local\Temp\idea1.sbt""", None, None)
[debug] > Exec(boot, None, None)
[debug] > Exec(writeSbtVersion, None, None)
[debug] > Exec(reload, None, None)
[debug] > Exec(sbtStashOnFailure, None, None)
[debug] > Exec(onFailure loadFailed, None, None)
[debug] > Exec(loadp, None, None)
[info] welcome to sbt 1.10.7 (Oracle Corporation Java 1.8.0_202)
[debug] Load.defaultLoad until apply took 243.442ms
[debug]           Load.loadUnit: plugins took 225.4411ms
[debug]           Load.loadUnit: defsScala took 1.8379ms
[debug] [Loading] Scanning directory C:\Users\Admin\Desktop\Restart\ProjectFinal\project
[debug]             Load.loadUnit: mkEval took 95.1282ms
[debug] [Loading] Found non-root projects 
[debug] [Loading] Done in C:\Users\Admin\Desktop\Restart\ProjectFinal\project, returning: ()
[debug] deducing auto plugins based on known facts Set(Atom(sbt.plugins.CorePlugin)) and clauses Clauses(Clause(Atom(sbt.plugins.JvmPlugin),Set(Atom(sbt.plugins.IvyPlugin)))
[debug] Clause(Atom(sbt.ScriptedPlugin),Set(Atom(sbt.plugins.JvmPlugin)))
[debug] Clause(Atom(sbt.plugins.SbtPlugin),Set(Atom(sbt.ScriptedPlugin)))
[debug] Clause(Atom(sbt.plugins.SemanticdbPlugin),Set(Atom(sbt.plugins.JvmPlugin)))
[debug] Clause(Atom(sbt.plugins.JUnitXmlReportPlugin),Set(Atom(sbt.plugins.JvmPlugin)))
[debug] Clause(Atom(sbt.plugins.MiniDependencyTreePlugin),Set(Atom(sbt.plugins.JvmPlugin)))
[debug] Clause(Atom(sbt.plugins.CorePlugin),Set(Atom(sbt.plugins.IvyPlugin)))
[debug] Clause(Atom(sbt.plugins.IvyPlugin),Set(Atom(sbt.plugins.JvmPlugin)))
[debug] Clause(Atom(sbt.plugins.JvmPlugin),Set(Atom(sbt.plugins.SemanticdbPlugin)))
[debug] Clause(Atom(sbt.plugins.JvmPlugin),Set(Atom(sbt.plugins.JUnitXmlReportPlugin)))
[debug] Clause(Atom(sbt.plugins.CorePlugin),Set(Atom(sbt.plugins.Giter8TemplatePlugin)))
[debug] Clause(Atom(sbt.plugins.JvmPlugin),Set(Atom(sbt.plugins.MiniDependencyTreePlugin))))
[debug]   :: deduced result: Matched(sbt.plugins.CorePlugin,sbt.plugins.Giter8TemplatePlugin,sbt.plugins.IvyPlugin,sbt.plugins.JvmPlugin,sbt.plugins.MiniDependencyTreePlugin,sbt.plugins.JUnitXmlReportPlugin,sbt.plugins.SemanticdbPlugin)
[debug] Plugins.deducer#function took 45.5257 ms
[info] loading settings for project projectfinal-build from idea1.sbt...
[debug]               Load.resolveProject(projectfinal-build) took 112.9156ms
[debug]             Load.loadTransitive: finalizeProject(Project(id projectfinal-build, base: C:\Users\Admin\Desktop\Restart\ProjectFinal\project, plugins: List(<none>))) took 178.2779ms
[debug] [Loading] Done in C:\Users\Admin\Desktop\Restart\ProjectFinal\project, returning: (projectfinal-build)
[debug]           Load.loadUnit: loadedProjectsRaw took 9896.0133ms
[debug]           Load.loadUnit: cleanEvalClasses took 13.0646ms
[debug]         Load.loadUnit(file:/C:/Users/Admin/Desktop/Restart/ProjectFinal/project/, ...) took 10151.645ms
[debug]       Load.apply: load took 10365.0849ms
[debug]       Load.apply: resolveProjects took 8.9235ms
[debug]       Load.apply: finalTransforms took 153.6692ms
[debug]       Load.apply: config.delegates took 13.0012ms
[debug]       Load.apply: Def.make(settings)... took 851.5923ms
[debug]       Load.apply: structureIndex took 207.6093ms
[debug]       Load.apply: mkStreams took 2.731ms
[info] loading project definition from C:\Users\Admin\Desktop\Restart\ProjectFinal\project
[debug] Running task... Cancel: Signal, check cycles: false, forcegc: true
[debug]     Load.loadUnit: plugins took 15540.7428ms
[debug]     Load.loadUnit: defsScala took 0.0053ms
[debug] [Loading] Scanning directory C:\Users\Admin\Desktop\Restart\ProjectFinal
[debug]       Load.loadUnit: mkEval took 0.5677ms
[debug] [Loading] Found root project root w/ remaining 
[debug] deducing auto plugins based on known facts Set(Atom(sbt.plugins.CorePlugin)) and clauses Clauses(Clause(Atom(sbt.plugins.JvmPlugin),Set(Atom(sbt.plugins.IvyPlugin)))
[debug] Clause(Atom(sbt.ScriptedPlugin),Set(Atom(sbt.plugins.JvmPlugin)))
[debug] Clause(Atom(sbt.plugins.SbtPlugin),Set(Atom(sbt.ScriptedPlugin)))
[debug] Clause(Atom(sbt.plugins.SemanticdbPlugin),Set(Atom(sbt.plugins.JvmPlugin)))
[debug] Clause(Atom(sbt.plugins.JUnitXmlReportPlugin),Set(Atom(sbt.plugins.JvmPlugin)))
[debug] Clause(Atom(sbt.plugins.MiniDependencyTreePlugin),Set(Atom(sbt.plugins.JvmPlugin)))
[debug] Clause(Atom(org.jetbrains.sbt.StructurePlugin),Set(Atom(sbt.plugins.JvmPlugin)))
[debug] Clause(Atom(org.jetbrains.sbt.IdeaShellPlugin),Set(Atom(sbt.plugins.JvmPlugin)))
[debug] Clause(Atom(sbt.plugins.CorePlugin),Set(Atom(sbt.plugins.IvyPlugin)))
[debug] Clause(Atom(sbt.plugins.IvyPlugin),Set(Atom(sbt.plugins.JvmPlugin)))
[debug] Clause(Atom(sbt.plugins.JvmPlugin),Set(Atom(sbt.plugins.SemanticdbPlugin)))
[debug] Clause(Atom(sbt.plugins.JvmPlugin),Set(Atom(sbt.plugins.JUnitXmlReportPlugin)))
[debug] Clause(Atom(sbt.plugins.CorePlugin),Set(Atom(sbt.plugins.Giter8TemplatePlugin)))
[debug] Clause(Atom(sbt.plugins.JvmPlugin),Set(Atom(sbt.plugins.MiniDependencyTreePlugin)))
[debug] Clause(Atom(sbt.plugins.JvmPlugin),Set(Atom(org.jetbrains.sbt.StructurePlugin)))
[debug] Clause(Atom(sbt.plugins.JvmPlugin),Set(Atom(org.jetbrains.sbt.IdeaShellPlugin))))
[debug]   :: deduced result: Matched(sbt.plugins.CorePlugin,sbt.plugins.Giter8TemplatePlugin,sbt.plugins.IvyPlugin,sbt.plugins.JvmPlugin,sbt.plugins.SemanticdbPlugin,sbt.plugins.JUnitXmlReportPlugin,org.jetbrains.sbt.IdeaShellPlugin,org.jetbrains.sbt.StructurePlugin,sbt.plugins.MiniDependencyTreePlugin)
[debug] Plugins.deducer#function took 5.0573 ms
[info] loading settings for project root from build.sbt...
[debug]         Load.resolveProject(root) took 100.0915ms
[debug]       Load.loadTransitive: finalizeProject(Project(id root, base: C:\Users\Admin\Desktop\Restart\ProjectFinal, plugins: List(<none>))) took 107.3975ms
[debug] [Loading] Done in C:\Users\Admin\Desktop\Restart\ProjectFinal, returning: (root)
[debug]     Load.loadUnit: loadedProjectsRaw took 5091.703ms
[debug]     Load.loadUnit: cleanEvalClasses took 46.5782ms
[debug]   Load.loadUnit(file:/C:/Users/Admin/Desktop/Restart/ProjectFinal/, ...) took 20683.3492ms
[debug] Load.apply: load took 20739.1919ms
[debug] Load.apply: resolveProjects took 0.3199ms
[debug] Load.apply: finalTransforms took 62.9922ms
[debug] Load.apply: config.delegates took 0.6109ms
[debug] Load.apply: Def.make(settings)... took 222.5209ms
[debug] Load.apply: structureIndex took 63.0201ms
[debug] Load.apply: mkStreams took 0.0043ms
[info] set current project to ProjectFinal (in build file:/C:/Users/Admin/Desktop/Restart/ProjectFinal/)
[debug] > Exec(sbtPopOnFailure, None, None)
[debug] > Exec(resumeFromFailure, None, None)
[debug] > Exec(notifyUsersAboutShell, None, None)
[debug] > Exec(iflast shell, None, None)
[debug] > Exec(idea-shell, None, None)
