[debug] > Exec(;reload; set _root_.org.jetbrains.sbt.StructureKeys.sbtStructureOptions in Global := "download, resolveSourceClassifiers" ;preferScala2;*/*:dumpStructureTo C:/Users/Admin/AppData/Local/Temp/sbt-structure.xml; session clear-all, None, None)
[debug] > Exec(reload, None, None)
[debug] > Exec(sbtStashOnFailure, None, None)
[debug] > Exec(onFailure loadFailed, None, None)
[debug] > Exec(loadp, None, None)
[info] welcome to sbt 1.10.7 (Oracle Corporation Java 1.8.0_202)
[debug] Load.defaultLoad until apply took 3.8311ms
[debug]           Load.loadUnit: plugins took 49.8994ms
[debug]           Load.loadUnit: defsScala took 0.009ms
[debug] [Loading] Scanning directory C:\Users\Admin\Desktop\Restart\ProjectFinal\project
[debug]             Load.loadUnit: mkEval took 0.315ms
[debug] [Loading] Found non-root projects 
[debug] [Loading] Done in C:\Users\Admin\Desktop\Restart\ProjectFinal\project, returning: ()
[debug] deducing auto plugins based on known facts Set(Atom(sbt.plugins.CorePlugin)) and clauses Clauses(Clause(Atom(sbt.plugins.JvmPlugin),Set(Atom(sbt.plugins.IvyPlugin)))
[debug] Clause(Atom(sbt.ScriptedPlugin),Set(Atom(sbt.plugins.JvmPlugin)))
[debug] Clause(Atom(sbt.plugins.SbtPlugin),Set(Atom(sbt.ScriptedPlugin)))
[debug] Clause(Atom(sbt.plugins.SemanticdbPlugin),Set(Atom(sbt.plugins.JvmPlugin)))
[debug] Clause(Atom(sbt.plugins.JUnitXmlReportPlugin),Set(Atom(sbt.plugins.JvmPlugin)))
[debug] Clause(Atom(sbt.plugins.MiniDependencyTreePlugin),Set(Atom(sbt.plugins.JvmPlugin)))
[debug] Clause(Atom(sbt.plugins.CorePlugin),Set(Atom(sbt.plugins.IvyPlugin)))
[debug] Clause(Atom(sbt.plugins.IvyPlugin),Set(Atom(sbt.plugins.JvmPlugin)))
[debug] Clause(Atom(sbt.plugins.JvmPlugin),Set(Atom(sbt.plugins.SemanticdbPlugin)))
[debug] Clause(Atom(sbt.plugins.JvmPlugin),Set(Atom(sbt.plugins.JUnitXmlReportPlugin)))
[debug] Clause(Atom(sbt.plugins.CorePlugin),Set(Atom(sbt.plugins.Giter8TemplatePlugin)))
[debug] Clause(Atom(sbt.plugins.JvmPlugin),Set(Atom(sbt.plugins.MiniDependencyTreePlugin))))
[debug]   :: deduced result: Matched(sbt.plugins.CorePlugin,sbt.plugins.Giter8TemplatePlugin,sbt.plugins.IvyPlugin,sbt.plugins.JvmPlugin,sbt.plugins.MiniDependencyTreePlugin,sbt.plugins.JUnitXmlReportPlugin,sbt.plugins.SemanticdbPlugin)
[debug] Plugins.deducer#function took 4.9243 ms
[info] loading settings for project projectfinal-build from idea2.sbt...
[debug]               Load.resolveProject(projectfinal-build) took 7.6744ms
[debug]             Load.loadTransitive: finalizeProject(Project(id projectfinal-build, base: C:\Users\Admin\Desktop\Restart\ProjectFinal\project, plugins: List(<none>))) took 13.3954ms
[debug] [Loading] Done in C:\Users\Admin\Desktop\Restart\ProjectFinal\project, returning: (projectfinal-build)
[debug]           Load.loadUnit: loadedProjectsRaw took 48.4751ms
[debug]           Load.loadUnit: cleanEvalClasses took 2.2473ms
[debug]         Load.loadUnit(file:/C:/Users/Admin/Desktop/Restart/ProjectFinal/project/, ...) took 102.6189ms
[debug]       Load.apply: load took 105.1183ms
[debug]       Load.apply: resolveProjects took 0.2221ms
[debug]       Load.apply: finalTransforms took 15.1063ms
[debug]       Load.apply: config.delegates took 0.4547ms
[debug]       Load.apply: Def.make(settings)... took 154.5038ms
[debug]       Load.apply: structureIndex took 42.8827ms
[debug]       Load.apply: mkStreams took 0.0052ms
[info] loading project definition from C:\Users\Admin\Desktop\Restart\ProjectFinal\project
[debug] Running task... Cancel: Signal, check cycles: false, forcegc: true
[debug]     Load.loadUnit: plugins took 798.2222ms
[debug]     Load.loadUnit: defsScala took 0.0051ms
[debug] [Loading] Scanning directory C:\Users\Admin\Desktop\Restart\ProjectFinal
[debug]       Load.loadUnit: mkEval took 0.448ms
[debug] [Loading] Found root project root w/ remaining 
[debug] deducing auto plugins based on known facts Set(Atom(sbt.plugins.CorePlugin)) and clauses Clauses(Clause(Atom(sbt.plugins.JvmPlugin),Set(Atom(sbt.plugins.IvyPlugin)))
[debug] Clause(Atom(sbt.ScriptedPlugin),Set(Atom(sbt.plugins.JvmPlugin)))
[debug] Clause(Atom(sbt.plugins.SbtPlugin),Set(Atom(sbt.ScriptedPlugin)))
[debug] Clause(Atom(sbt.plugins.SemanticdbPlugin),Set(Atom(sbt.plugins.JvmPlugin)))
[debug] Clause(Atom(sbt.plugins.JUnitXmlReportPlugin),Set(Atom(sbt.plugins.JvmPlugin)))
[debug] Clause(Atom(sbt.plugins.MiniDependencyTreePlugin),Set(Atom(sbt.plugins.JvmPlugin)))
[debug] Clause(Atom(org.jetbrains.sbt.StructurePlugin),Set(Atom(sbt.plugins.JvmPlugin)))
[debug] Clause(Atom(org.jetbrains.sbt.IdeaShellPlugin),Set(Atom(sbt.plugins.JvmPlugin)))
[debug] Clause(Atom(sbt.plugins.CorePlugin),Set(Atom(sbt.plugins.IvyPlugin)))
[debug] Clause(Atom(sbt.plugins.IvyPlugin),Set(Atom(sbt.plugins.JvmPlugin)))
[debug] Clause(Atom(sbt.plugins.JvmPlugin),Set(Atom(sbt.plugins.SemanticdbPlugin)))
[debug] Clause(Atom(sbt.plugins.JvmPlugin),Set(Atom(sbt.plugins.JUnitXmlReportPlugin)))
[debug] Clause(Atom(sbt.plugins.CorePlugin),Set(Atom(sbt.plugins.Giter8TemplatePlugin)))
[debug] Clause(Atom(sbt.plugins.JvmPlugin),Set(Atom(sbt.plugins.MiniDependencyTreePlugin)))
[debug] Clause(Atom(sbt.plugins.JvmPlugin),Set(Atom(org.jetbrains.sbt.StructurePlugin)))
[debug] Clause(Atom(sbt.plugins.JvmPlugin),Set(Atom(org.jetbrains.sbt.IdeaShellPlugin))))
[debug]   :: deduced result: Matched(sbt.plugins.CorePlugin,sbt.plugins.Giter8TemplatePlugin,sbt.plugins.IvyPlugin,sbt.plugins.JvmPlugin,sbt.plugins.SemanticdbPlugin,sbt.plugins.JUnitXmlReportPlugin,org.jetbrains.sbt.IdeaShellPlugin,org.jetbrains.sbt.StructurePlugin,sbt.plugins.MiniDependencyTreePlugin)
[debug] Plugins.deducer#function took 3.5022 ms
[info] loading settings for project root from build.sbt...
[debug]         Load.resolveProject(root) took 51.8012ms
[debug]       Load.loadTransitive: finalizeProject(Project(id root, base: C:\Users\Admin\Desktop\Restart\ProjectFinal, plugins: List(<none>))) took 56.3428ms
[debug] [Loading] Done in C:\Users\Admin\Desktop\Restart\ProjectFinal, returning: (root)
[debug]     Load.loadUnit: loadedProjectsRaw took 219.649ms
[debug]     Load.loadUnit: cleanEvalClasses took 4.8319ms
[debug]   Load.loadUnit(file:/C:/Users/Admin/Desktop/Restart/ProjectFinal/, ...) took 1023.649ms
[debug] Load.apply: load took 1028.0742ms
[debug] Load.apply: resolveProjects took 0.1466ms
[debug] Load.apply: finalTransforms took 33.6346ms
[debug] Load.apply: config.delegates took 0.7754ms
[debug] Load.apply: Def.make(settings)... took 173.4701ms
[debug] Load.apply: structureIndex took 98.4564ms
[debug] Load.apply: mkStreams took 0.0033ms
[info] set current project to ProjectFinal (in build file:/C:/Users/Admin/Desktop/Restart/ProjectFinal/)
[debug] > Exec(sbtPopOnFailure, None, None)
[debug] > Exec(resumeFromFailure, None, None)
[debug] > Exec(set _root_.org.jetbrains.sbt.StructureKeys.sbtStructureOptions in Global := "download, resolveSourceClassifiers", None, None)
[info] Defining Global / sbtStructureOptions
[info] The new value will be used by Global / ssOptions
[debug] Defining 
[debug] 	Global / sbtStructureOptions
[debug] 
[debug] The new value will be used by 
[debug] 	Global / ssOptions
[info] Reapplying settings...
[info] set current project to ProjectFinal (in build file:/C:/Users/Admin/Desktop/Restart/ProjectFinal/)
[debug] > Exec(preferScala2, None, None)
[debug] > Exec(*/*:dumpStructureTo C:/Users/Admin/AppData/Local/Temp/sbt-structure.xml, None, None)
[debug] Evaluating tasks: Global / dumpStructureTo
[warn] sbt 0.13 shell syntax is deprecated; use slash syntax instead: Global / dumpStructureTo
[debug] Running task... Cancel: Signal, check cycles: false, forcegc: true
[info] Writing structure to C:\Users\Admin\AppData\Local\Temp\sbt-structure.xml...
[info] Done.
[success] Total time: 4 s, completed Jan 24, 2025 12:18:19 PM
[debug] > Exec(session clear-all, None, None)
[info] Reapplying settings...
[info] set current project to ProjectFinal (in build file:/C:/Users/Admin/Desktop/Restart/ProjectFinal/)
[debug] > Exec(idea-shell, None, None)
